{"/home/vinicius/workspaces/cccat5_5/dist/src/domain/entity/Coupon.js": {"path":"/home/vinicius/workspaces/cccat5_5/dist/src/domain/entity/Coupon.js","statementMap":{"0":{"start":{"line":2,"column":0},"end":{"line":2,"column":62}},"1":{"start":{"line":5,"column":8},"end":{"line":5,"column":25}},"2":{"start":{"line":6,"column":8},"end":{"line":6,"column":37}},"3":{"start":{"line":7,"column":8},"end":{"line":7,"column":37}},"4":{"start":{"line":10,"column":8},"end":{"line":11,"column":25}},"5":{"start":{"line":11,"column":12},"end":{"line":11,"column":25}},"6":{"start":{"line":12,"column":8},"end":{"line":12,"column":59}},"7":{"start":{"line":15,"column":8},"end":{"line":15,"column":48}},"8":{"start":{"line":18,"column":0},"end":{"line":18,"column":25}}},"fnMap":{"0":{"name":"(anonymous_0)","decl":{"start":{"line":4,"column":4},"end":{"line":4,"column":5}},"loc":{"start":{"line":4,"column":46},"end":{"line":8,"column":5}},"line":4},"1":{"name":"(anonymous_1)","decl":{"start":{"line":9,"column":4},"end":{"line":9,"column":5}},"loc":{"start":{"line":9,"column":34},"end":{"line":13,"column":5}},"line":9},"2":{"name":"(anonymous_2)","decl":{"start":{"line":14,"column":4},"end":{"line":14,"column":5}},"loc":{"start":{"line":14,"column":30},"end":{"line":16,"column":5}},"line":14}},"branchMap":{"0":{"loc":{"start":{"line":9,"column":14},"end":{"line":9,"column":32}},"type":"default-arg","locations":[{"start":{"line":9,"column":22},"end":{"line":9,"column":32}}],"line":9},"1":{"loc":{"start":{"line":10,"column":8},"end":{"line":11,"column":25}},"type":"if","locations":[{"start":{"line":10,"column":8},"end":{"line":11,"column":25}},{"start":{},"end":{}}],"line":10}},"s":{"0":2,"1":5,"2":5,"3":5,"4":4,"5":2,"6":2,"7":2,"8":2},"f":{"0":5,"1":4,"2":2},"b":{"0":[1],"1":[2,2]},"_coverageSchema":"1a1c01bbd47fc00a2c39e90264f33305004495a9","hash":"9b53750b412ae8078314df5078cf0b1c4afea4fb"}
,"/home/vinicius/workspaces/cccat5_5/dist/src/domain/entity/Cpf.js": {"path":"/home/vinicius/workspaces/cccat5_5/dist/src/domain/entity/Cpf.js","statementMap":{"0":{"start":{"line":2,"column":0},"end":{"line":2,"column":62}},"1":{"start":{"line":5,"column":8},"end":{"line":5,"column":33}},"2":{"start":{"line":6,"column":8},"end":{"line":6,"column":33}},"3":{"start":{"line":7,"column":8},"end":{"line":8,"column":44}},"4":{"start":{"line":8,"column":12},"end":{"line":8,"column":44}},"5":{"start":{"line":9,"column":8},"end":{"line":9,"column":27}},"6":{"start":{"line":12,"column":8},"end":{"line":12,"column":26}},"7":{"start":{"line":15,"column":8},"end":{"line":16,"column":25}},"8":{"start":{"line":16,"column":12},"end":{"line":16,"column":25}},"9":{"start":{"line":17,"column":8},"end":{"line":17,"column":33}},"10":{"start":{"line":18,"column":8},"end":{"line":19,"column":25}},"11":{"start":{"line":19,"column":12},"end":{"line":19,"column":25}},"12":{"start":{"line":20,"column":8},"end":{"line":21,"column":25}},"13":{"start":{"line":21,"column":12},"end":{"line":21,"column":25}},"14":{"start":{"line":22,"column":23},"end":{"line":22,"column":73}},"15":{"start":{"line":23,"column":23},"end":{"line":23,"column":73}},"16":{"start":{"line":24,"column":25},"end":{"line":24,"column":52}},"17":{"start":{"line":25,"column":32},"end":{"line":25,"column":52}},"18":{"start":{"line":26,"column":8},"end":{"line":26,"column":45}},"19":{"start":{"line":29,"column":8},"end":{"line":29,"column":42}},"20":{"start":{"line":32,"column":8},"end":{"line":32,"column":33}},"21":{"start":{"line":35,"column":29},"end":{"line":35,"column":32}},"22":{"start":{"line":36,"column":8},"end":{"line":36,"column":61}},"23":{"start":{"line":36,"column":39},"end":{"line":36,"column":59}},"24":{"start":{"line":39,"column":20},"end":{"line":39,"column":21}},"25":{"start":{"line":40,"column":8},"end":{"line":43,"column":9}},"26":{"start":{"line":41,"column":12},"end":{"line":42,"column":52}},"27":{"start":{"line":42,"column":16},"end":{"line":42,"column":52}},"28":{"start":{"line":44,"column":21},"end":{"line":44,"column":31}},"29":{"start":{"line":45,"column":8},"end":{"line":45,"column":44}},"30":{"start":{"line":48,"column":8},"end":{"line":48,"column":29}},"31":{"start":{"line":51,"column":0},"end":{"line":51,"column":22}}},"fnMap":{"0":{"name":"(anonymous_0)","decl":{"start":{"line":4,"column":4},"end":{"line":4,"column":5}},"loc":{"start":{"line":4,"column":23},"end":{"line":10,"column":5}},"line":4},"1":{"name":"(anonymous_1)","decl":{"start":{"line":11,"column":4},"end":{"line":11,"column":5}},"loc":{"start":{"line":11,"column":15},"end":{"line":13,"column":5}},"line":11},"2":{"name":"(anonymous_2)","decl":{"start":{"line":14,"column":4},"end":{"line":14,"column":5}},"loc":{"start":{"line":14,"column":18},"end":{"line":27,"column":5}},"line":14},"3":{"name":"(anonymous_3)","decl":{"start":{"line":28,"column":4},"end":{"line":28,"column":5}},"loc":{"start":{"line":28,"column":18},"end":{"line":30,"column":5}},"line":28},"4":{"name":"(anonymous_4)","decl":{"start":{"line":31,"column":4},"end":{"line":31,"column":5}},"loc":{"start":{"line":31,"column":23},"end":{"line":33,"column":5}},"line":31},"5":{"name":"(anonymous_5)","decl":{"start":{"line":34,"column":4},"end":{"line":34,"column":5}},"loc":{"start":{"line":34,"column":27},"end":{"line":37,"column":5}},"line":34},"6":{"name":"(anonymous_6)","decl":{"start":{"line":36,"column":30},"end":{"line":36,"column":31}},"loc":{"start":{"line":36,"column":39},"end":{"line":36,"column":59}},"line":36},"7":{"name":"(anonymous_7)","decl":{"start":{"line":38,"column":4},"end":{"line":38,"column":5}},"loc":{"start":{"line":38,"column":37},"end":{"line":46,"column":5}},"line":38},"8":{"name":"(anonymous_8)","decl":{"start":{"line":47,"column":4},"end":{"line":47,"column":5}},"loc":{"start":{"line":47,"column":27},"end":{"line":49,"column":5}},"line":47}},"branchMap":{"0":{"loc":{"start":{"line":7,"column":8},"end":{"line":8,"column":44}},"type":"if","locations":[{"start":{"line":7,"column":8},"end":{"line":8,"column":44}},{"start":{},"end":{}}],"line":7},"1":{"loc":{"start":{"line":15,"column":8},"end":{"line":16,"column":25}},"type":"if","locations":[{"start":{"line":15,"column":8},"end":{"line":16,"column":25}},{"start":{},"end":{}}],"line":15},"2":{"loc":{"start":{"line":18,"column":8},"end":{"line":19,"column":25}},"type":"if","locations":[{"start":{"line":18,"column":8},"end":{"line":19,"column":25}},{"start":{},"end":{}}],"line":18},"3":{"loc":{"start":{"line":20,"column":8},"end":{"line":21,"column":25}},"type":"if","locations":[{"start":{"line":20,"column":8},"end":{"line":21,"column":25}},{"start":{},"end":{}}],"line":20},"4":{"loc":{"start":{"line":41,"column":12},"end":{"line":42,"column":52}},"type":"if","locations":[{"start":{"line":41,"column":12},"end":{"line":42,"column":52}},{"start":{},"end":{}}],"line":41},"5":{"loc":{"start":{"line":45,"column":15},"end":{"line":45,"column":43}},"type":"cond-expr","locations":[{"start":{"line":45,"column":28},"end":{"line":45,"column":29}},{"start":{"line":45,"column":33},"end":{"line":45,"column":42}}],"line":45}},"s":{"0":2,"1":12,"2":12,"3":12,"4":3,"5":9,"6":1,"7":12,"8":0,"9":12,"10":12,"11":0,"12":12,"13":2,"14":10,"15":10,"16":10,"17":10,"18":10,"19":12,"20":12,"21":12,"22":12,"23":42,"24":20,"25":20,"26":220,"27":190,"28":20,"29":20,"30":10,"31":2},"f":{"0":12,"1":1,"2":12,"3":12,"4":12,"5":12,"6":42,"7":20,"8":10},"b":{"0":[3,9],"1":[0,12],"2":[0,12],"3":[2,10],"4":[190,30],"5":[10,10]},"_coverageSchema":"1a1c01bbd47fc00a2c39e90264f33305004495a9","hash":"0edcf1be55e5a428a841f8a438f1f1c0547619da"}
,"/home/vinicius/workspaces/cccat5_5/dist/src/domain/entity/Dimension.js": {"path":"/home/vinicius/workspaces/cccat5_5/dist/src/domain/entity/Dimension.js","statementMap":{"0":{"start":{"line":2,"column":0},"end":{"line":2,"column":62}},"1":{"start":{"line":5,"column":8},"end":{"line":5,"column":27}},"2":{"start":{"line":6,"column":8},"end":{"line":6,"column":29}},"3":{"start":{"line":7,"column":8},"end":{"line":7,"column":29}},"4":{"start":{"line":8,"column":8},"end":{"line":9,"column":50}},"5":{"start":{"line":9,"column":12},"end":{"line":9,"column":50}},"6":{"start":{"line":12,"column":8},"end":{"line":12,"column":72}},"7":{"start":{"line":15,"column":0},"end":{"line":15,"column":28}}},"fnMap":{"0":{"name":"(anonymous_0)","decl":{"start":{"line":4,"column":4},"end":{"line":4,"column":5}},"loc":{"start":{"line":4,"column":39},"end":{"line":10,"column":5}},"line":4},"1":{"name":"(anonymous_1)","decl":{"start":{"line":11,"column":4},"end":{"line":11,"column":5}},"loc":{"start":{"line":11,"column":16},"end":{"line":13,"column":5}},"line":11}},"branchMap":{"0":{"loc":{"start":{"line":8,"column":8},"end":{"line":9,"column":50}},"type":"if","locations":[{"start":{"line":8,"column":8},"end":{"line":9,"column":50}},{"start":{},"end":{}}],"line":8},"1":{"loc":{"start":{"line":8,"column":12},"end":{"line":8,"column":49}},"type":"binary-expr","locations":[{"start":{"line":8,"column":12},"end":{"line":8,"column":21}},{"start":{"line":8,"column":25},"end":{"line":8,"column":35}},{"start":{"line":8,"column":39},"end":{"line":8,"column":49}}],"line":8}},"s":{"0":5,"1":12,"2":12,"3":12,"4":12,"5":1,"6":17,"7":5},"f":{"0":12,"1":17},"b":{"0":[1,11],"1":[12,11,11]},"_coverageSchema":"1a1c01bbd47fc00a2c39e90264f33305004495a9","hash":"7a8e5ebe98cd7301d461129aafab511306059ec6"}
,"/home/vinicius/workspaces/cccat5_5/dist/src/domain/entity/Freight.js": {"path":"/home/vinicius/workspaces/cccat5_5/dist/src/domain/entity/Freight.js","statementMap":{"0":{"start":{"line":2,"column":0},"end":{"line":2,"column":62}},"1":{"start":{"line":5,"column":8},"end":{"line":5,"column":29}},"2":{"start":{"line":6,"column":8},"end":{"line":6,"column":23}},"3":{"start":{"line":9,"column":8},"end":{"line":9,"column":96}},"4":{"start":{"line":12,"column":8},"end":{"line":13,"column":22}},"5":{"start":{"line":13,"column":12},"end":{"line":13,"column":22}},"6":{"start":{"line":14,"column":8},"end":{"line":14,"column":26}},"7":{"start":{"line":17,"column":0},"end":{"line":17,"column":26}}},"fnMap":{"0":{"name":"(anonymous_0)","decl":{"start":{"line":4,"column":4},"end":{"line":4,"column":5}},"loc":{"start":{"line":4,"column":18},"end":{"line":7,"column":5}},"line":4},"1":{"name":"(anonymous_1)","decl":{"start":{"line":8,"column":4},"end":{"line":8,"column":5}},"loc":{"start":{"line":8,"column":28},"end":{"line":10,"column":5}},"line":8},"2":{"name":"(anonymous_2)","decl":{"start":{"line":11,"column":4},"end":{"line":11,"column":5}},"loc":{"start":{"line":11,"column":15},"end":{"line":15,"column":5}},"line":11}},"branchMap":{"0":{"loc":{"start":{"line":12,"column":8},"end":{"line":13,"column":22}},"type":"if","locations":[{"start":{"line":12,"column":8},"end":{"line":13,"column":22}},{"start":{},"end":{}}],"line":12},"1":{"loc":{"start":{"line":12,"column":12},"end":{"line":12,"column":45}},"type":"binary-expr","locations":[{"start":{"line":12,"column":12},"end":{"line":12,"column":26}},{"start":{"line":12,"column":30},"end":{"line":12,"column":45}}],"line":12}},"s":{"0":2,"1":10,"2":10,"3":19,"4":7,"5":2,"6":5,"7":2},"f":{"0":10,"1":19,"2":7},"b":{"0":[2,5],"1":[7,4]},"_coverageSchema":"1a1c01bbd47fc00a2c39e90264f33305004495a9","hash":"e3c1e41f5f34f235eb980a813976e54cc12119f6"}
,"/home/vinicius/workspaces/cccat5_5/dist/src/domain/entity/Item.js": {"path":"/home/vinicius/workspaces/cccat5_5/dist/src/domain/entity/Item.js","statementMap":{"0":{"start":{"line":2,"column":0},"end":{"line":2,"column":62}},"1":{"start":{"line":5,"column":8},"end":{"line":5,"column":29}},"2":{"start":{"line":6,"column":8},"end":{"line":6,"column":33}},"3":{"start":{"line":7,"column":8},"end":{"line":7,"column":39}},"4":{"start":{"line":8,"column":8},"end":{"line":8,"column":27}},"5":{"start":{"line":9,"column":8},"end":{"line":9,"column":35}},"6":{"start":{"line":10,"column":8},"end":{"line":10,"column":29}},"7":{"start":{"line":11,"column":8},"end":{"line":12,"column":46}},"8":{"start":{"line":12,"column":12},"end":{"line":12,"column":46}},"9":{"start":{"line":15,"column":8},"end":{"line":16,"column":46}},"10":{"start":{"line":16,"column":12},"end":{"line":16,"column":46}},"11":{"start":{"line":17,"column":8},"end":{"line":17,"column":17}},"12":{"start":{"line":20,"column":8},"end":{"line":25,"column":9}},"13":{"start":{"line":21,"column":12},"end":{"line":21,"column":60}},"14":{"start":{"line":24,"column":12},"end":{"line":24,"column":21}},"15":{"start":{"line":28,"column":0},"end":{"line":28,"column":23}}},"fnMap":{"0":{"name":"(anonymous_0)","decl":{"start":{"line":4,"column":4},"end":{"line":4,"column":5}},"loc":{"start":{"line":4,"column":73},"end":{"line":13,"column":5}},"line":4},"1":{"name":"(anonymous_1)","decl":{"start":{"line":14,"column":4},"end":{"line":14,"column":5}},"loc":{"start":{"line":14,"column":16},"end":{"line":18,"column":5}},"line":14},"2":{"name":"(anonymous_2)","decl":{"start":{"line":19,"column":4},"end":{"line":19,"column":5}},"loc":{"start":{"line":19,"column":17},"end":{"line":26,"column":5}},"line":19}},"branchMap":{"0":{"loc":{"start":{"line":11,"column":8},"end":{"line":12,"column":46}},"type":"if","locations":[{"start":{"line":11,"column":8},"end":{"line":12,"column":46}},{"start":{},"end":{}}],"line":11},"1":{"loc":{"start":{"line":11,"column":12},"end":{"line":11,"column":32}},"type":"binary-expr","locations":[{"start":{"line":11,"column":12},"end":{"line":11,"column":18}},{"start":{"line":11,"column":22},"end":{"line":11,"column":32}}],"line":11},"2":{"loc":{"start":{"line":15,"column":8},"end":{"line":16,"column":46}},"type":"if","locations":[{"start":{"line":15,"column":8},"end":{"line":16,"column":46}},{"start":{},"end":{}}],"line":15},"3":{"loc":{"start":{"line":20,"column":8},"end":{"line":25,"column":9}},"type":"if","locations":[{"start":{"line":20,"column":8},"end":{"line":25,"column":9}},{"start":{"line":23,"column":13},"end":{"line":25,"column":9}}],"line":20},"4":{"loc":{"start":{"line":20,"column":12},"end":{"line":20,"column":41}},"type":"binary-expr","locations":[{"start":{"line":20,"column":12},"end":{"line":20,"column":23}},{"start":{"line":20,"column":27},"end":{"line":20,"column":41}}],"line":20}},"s":{"0":4,"1":25,"2":25,"3":25,"4":25,"5":25,"6":25,"7":25,"8":1,"9":21,"10":8,"11":13,"12":21,"13":8,"14":13,"15":4},"f":{"0":25,"1":21,"2":21},"b":{"0":[1,24],"1":[25,9],"2":[8,13],"3":[8,13],"4":[21,8]},"_coverageSchema":"1a1c01bbd47fc00a2c39e90264f33305004495a9","hash":"2742e4679bedbef12df844303a9481dba9329d58"}
,"/home/vinicius/workspaces/cccat5_5/dist/src/domain/entity/Order.js": {"path":"/home/vinicius/workspaces/cccat5_5/dist/src/domain/entity/Order.js","statementMap":{"0":{"start":{"line":2,"column":22},"end":{"line":4,"column":1}},"1":{"start":{"line":3,"column":4},"end":{"line":3,"column":62}},"2":{"start":{"line":5,"column":0},"end":{"line":5,"column":62}},"3":{"start":{"line":6,"column":14},"end":{"line":6,"column":47}},"4":{"start":{"line":7,"column":18},"end":{"line":7,"column":55}},"5":{"start":{"line":8,"column":20},"end":{"line":8,"column":59}},"6":{"start":{"line":9,"column":20},"end":{"line":9,"column":59}},"7":{"start":{"line":12,"column":8},"end":{"line":12,"column":35}},"8":{"start":{"line":13,"column":8},"end":{"line":13,"column":33}},"9":{"start":{"line":14,"column":8},"end":{"line":14,"column":42}},"10":{"start":{"line":15,"column":8},"end":{"line":15,"column":29}},"11":{"start":{"line":16,"column":8},"end":{"line":16,"column":47}},"12":{"start":{"line":17,"column":8},"end":{"line":17,"column":65}},"13":{"start":{"line":20,"column":8},"end":{"line":21,"column":57}},"14":{"start":{"line":21,"column":12},"end":{"line":21,"column":57}},"15":{"start":{"line":22,"column":8},"end":{"line":23,"column":47}},"16":{"start":{"line":22,"column":46},"end":{"line":22,"column":78}},"17":{"start":{"line":23,"column":12},"end":{"line":23,"column":47}},"18":{"start":{"line":24,"column":8},"end":{"line":24,"column":45}},"19":{"start":{"line":25,"column":8},"end":{"line":25,"column":89}},"20":{"start":{"line":28,"column":8},"end":{"line":30,"column":9}},"21":{"start":{"line":29,"column":12},"end":{"line":29,"column":33}},"22":{"start":{"line":33,"column":20},"end":{"line":33,"column":21}},"23":{"start":{"line":34,"column":8},"end":{"line":36,"column":9}},"24":{"start":{"line":35,"column":12},"end":{"line":35,"column":42}},"25":{"start":{"line":37,"column":8},"end":{"line":39,"column":9}},"26":{"start":{"line":38,"column":12},"end":{"line":38,"column":58}},"27":{"start":{"line":40,"column":24},"end":{"line":40,"column":47}},"28":{"start":{"line":41,"column":8},"end":{"line":41,"column":25}},"29":{"start":{"line":42,"column":8},"end":{"line":42,"column":21}},"30":{"start":{"line":45,"column":0},"end":{"line":45,"column":24}}},"fnMap":{"0":{"name":"(anonymous_0)","decl":{"start":{"line":2,"column":56},"end":{"line":2,"column":57}},"loc":{"start":{"line":2,"column":71},"end":{"line":4,"column":1}},"line":2},"1":{"name":"(anonymous_1)","decl":{"start":{"line":11,"column":4},"end":{"line":11,"column":5}},"loc":{"start":{"line":11,"column":59},"end":{"line":18,"column":5}},"line":11},"2":{"name":"(anonymous_2)","decl":{"start":{"line":19,"column":4},"end":{"line":19,"column":5}},"loc":{"start":{"line":19,"column":28},"end":{"line":26,"column":5}},"line":19},"3":{"name":"(anonymous_3)","decl":{"start":{"line":22,"column":33},"end":{"line":22,"column":34}},"loc":{"start":{"line":22,"column":46},"end":{"line":22,"column":78}},"line":22},"4":{"name":"(anonymous_4)","decl":{"start":{"line":27,"column":4},"end":{"line":27,"column":5}},"loc":{"start":{"line":27,"column":22},"end":{"line":31,"column":5}},"line":27},"5":{"name":"(anonymous_5)","decl":{"start":{"line":32,"column":4},"end":{"line":32,"column":5}},"loc":{"start":{"line":32,"column":15},"end":{"line":43,"column":5}},"line":32}},"branchMap":{"0":{"loc":{"start":{"line":2,"column":22},"end":{"line":4,"column":1}},"type":"binary-expr","locations":[{"start":{"line":2,"column":23},"end":{"line":2,"column":27}},{"start":{"line":2,"column":31},"end":{"line":2,"column":51}},{"start":{"line":2,"column":56},"end":{"line":4,"column":1}}],"line":2},"1":{"loc":{"start":{"line":3,"column":11},"end":{"line":3,"column":61}},"type":"cond-expr","locations":[{"start":{"line":3,"column":37},"end":{"line":3,"column":40}},{"start":{"line":3,"column":43},"end":{"line":3,"column":61}}],"line":3},"2":{"loc":{"start":{"line":3,"column":12},"end":{"line":3,"column":33}},"type":"binary-expr","locations":[{"start":{"line":3,"column":12},"end":{"line":3,"column":15}},{"start":{"line":3,"column":19},"end":{"line":3,"column":33}}],"line":3},"3":{"loc":{"start":{"line":11,"column":21},"end":{"line":11,"column":43}},"type":"default-arg","locations":[{"start":{"line":11,"column":33},"end":{"line":11,"column":43}}],"line":11},"4":{"loc":{"start":{"line":11,"column":45},"end":{"line":11,"column":57}},"type":"default-arg","locations":[{"start":{"line":11,"column":56},"end":{"line":11,"column":57}}],"line":11},"5":{"loc":{"start":{"line":20,"column":8},"end":{"line":21,"column":57}},"type":"if","locations":[{"start":{"line":20,"column":8},"end":{"line":21,"column":57}},{"start":{},"end":{}}],"line":20},"6":{"loc":{"start":{"line":22,"column":8},"end":{"line":23,"column":47}},"type":"if","locations":[{"start":{"line":22,"column":8},"end":{"line":23,"column":47}},{"start":{},"end":{}}],"line":22},"7":{"loc":{"start":{"line":28,"column":8},"end":{"line":30,"column":9}},"type":"if","locations":[{"start":{"line":28,"column":8},"end":{"line":30,"column":9}},{"start":{},"end":{}}],"line":28},"8":{"loc":{"start":{"line":37,"column":8},"end":{"line":39,"column":9}},"type":"if","locations":[{"start":{"line":37,"column":8},"end":{"line":39,"column":9}},{"start":{},"end":{}}],"line":37}},"s":{"0":1,"1":4,"2":1,"3":1,"4":1,"5":1,"6":1,"7":9,"8":9,"9":9,"10":8,"11":8,"12":8,"13":19,"14":1,"15":18,"16":16,"17":1,"18":17,"19":17,"20":2,"21":1,"22":5,"23":5,"24":13,"25":5,"26":1,"27":5,"28":5,"29":5,"30":1},"f":{"0":4,"1":9,"2":19,"3":16,"4":2,"5":5},"b":{"0":[1,1,1],"1":[4,0],"2":[4,4],"3":[7],"4":[8],"5":[1,18],"6":[1,17],"7":[1,1],"8":[1,4]},"_coverageSchema":"1a1c01bbd47fc00a2c39e90264f33305004495a9","hash":"cc7b9f2eace42c75843af41e8dcc77dee685e47e"}
,"/home/vinicius/workspaces/cccat5_5/dist/src/domain/entity/OrderCode.js": {"path":"/home/vinicius/workspaces/cccat5_5/dist/src/domain/entity/OrderCode.js","statementMap":{"0":{"start":{"line":2,"column":0},"end":{"line":2,"column":62}},"1":{"start":{"line":5,"column":8},"end":{"line":5,"column":55}},"2":{"start":{"line":8,"column":21},"end":{"line":8,"column":39}},"3":{"start":{"line":9,"column":8},"end":{"line":9,"column":67}},"4":{"start":{"line":12,"column":0},"end":{"line":12,"column":28}}},"fnMap":{"0":{"name":"(anonymous_0)","decl":{"start":{"line":4,"column":4},"end":{"line":4,"column":5}},"loc":{"start":{"line":4,"column":32},"end":{"line":6,"column":5}},"line":4},"1":{"name":"(anonymous_1)","decl":{"start":{"line":7,"column":4},"end":{"line":7,"column":5}},"loc":{"start":{"line":7,"column":33},"end":{"line":10,"column":5}},"line":7}},"branchMap":{},"s":{"0":2,"1":9,"2":9,"3":9,"4":2},"f":{"0":9,"1":9},"b":{},"_coverageSchema":"1a1c01bbd47fc00a2c39e90264f33305004495a9","hash":"6ee7f2d1f7bc72302ec0ed455d582950527735d6"}
,"/home/vinicius/workspaces/cccat5_5/dist/src/domain/entity/OrderItem.js": {"path":"/home/vinicius/workspaces/cccat5_5/dist/src/domain/entity/OrderItem.js","statementMap":{"0":{"start":{"line":2,"column":0},"end":{"line":2,"column":62}},"1":{"start":{"line":5,"column":8},"end":{"line":5,"column":29}},"2":{"start":{"line":6,"column":8},"end":{"line":6,"column":27}},"3":{"start":{"line":7,"column":8},"end":{"line":7,"column":33}},"4":{"start":{"line":10,"column":8},"end":{"line":10,"column":42}},"5":{"start":{"line":13,"column":0},"end":{"line":13,"column":28}}},"fnMap":{"0":{"name":"(anonymous_0)","decl":{"start":{"line":4,"column":4},"end":{"line":4,"column":5}},"loc":{"start":{"line":4,"column":41},"end":{"line":8,"column":5}},"line":4},"1":{"name":"(anonymous_1)","decl":{"start":{"line":9,"column":4},"end":{"line":9,"column":5}},"loc":{"start":{"line":9,"column":15},"end":{"line":11,"column":5}},"line":9}},"branchMap":{},"s":{"0":1,"1":17,"2":17,"3":17,"4":13,"5":1},"f":{"0":17,"1":13},"b":{},"_coverageSchema":"1a1c01bbd47fc00a2c39e90264f33305004495a9","hash":"6edeeaf70c16d0afaf8ceaad54fd501ef3f19945"}
,"/home/vinicius/workspaces/cccat5_5/dist/src/domain/entity/StockEntry.js": {"path":"/home/vinicius/workspaces/cccat5_5/dist/src/domain/entity/StockEntry.js","statementMap":{"0":{"start":{"line":2,"column":0},"end":{"line":2,"column":62}},"1":{"start":{"line":5,"column":8},"end":{"line":5,"column":29}},"2":{"start":{"line":6,"column":8},"end":{"line":6,"column":35}},"3":{"start":{"line":7,"column":8},"end":{"line":7,"column":33}},"4":{"start":{"line":10,"column":0},"end":{"line":10,"column":29}}},"fnMap":{"0":{"name":"(anonymous_0)","decl":{"start":{"line":4,"column":4},"end":{"line":4,"column":5}},"loc":{"start":{"line":4,"column":45},"end":{"line":8,"column":5}},"line":4}},"branchMap":{},"s":{"0":2,"1":4,"2":4,"3":4,"4":2},"f":{"0":4},"b":{},"_coverageSchema":"1a1c01bbd47fc00a2c39e90264f33305004495a9","hash":"498268fd4b4470b30be3fff6a6c83775698098a3"}
,"/home/vinicius/workspaces/cccat5_5/dist/src/domain/service/FreightCalculator.js": {"path":"/home/vinicius/workspaces/cccat5_5/dist/src/domain/service/FreightCalculator.js","statementMap":{"0":{"start":{"line":2,"column":0},"end":{"line":2,"column":62}},"1":{"start":{"line":5,"column":8},"end":{"line":5,"column":80}},"2":{"start":{"line":8,"column":0},"end":{"line":8,"column":36}}},"fnMap":{"0":{"name":"(anonymous_0)","decl":{"start":{"line":4,"column":4},"end":{"line":4,"column":5}},"loc":{"start":{"line":4,"column":37},"end":{"line":6,"column":5}},"line":4}},"branchMap":{},"s":{"0":1,"1":1,"2":1},"f":{"0":1},"b":{},"_coverageSchema":"1a1c01bbd47fc00a2c39e90264f33305004495a9","hash":"e1a8e0cf0918f6e34214c419925562fe19fa3f89"}
,"/home/vinicius/workspaces/cccat5_5/dist/src/domain/service/StockCalculator.js": {"path":"/home/vinicius/workspaces/cccat5_5/dist/src/domain/service/StockCalculator.js","statementMap":{"0":{"start":{"line":2,"column":0},"end":{"line":2,"column":62}},"1":{"start":{"line":5,"column":20},"end":{"line":5,"column":21}},"2":{"start":{"line":6,"column":8},"end":{"line":11,"column":9}},"3":{"start":{"line":7,"column":12},"end":{"line":8,"column":45}},"4":{"start":{"line":8,"column":16},"end":{"line":8,"column":45}},"5":{"start":{"line":9,"column":12},"end":{"line":10,"column":45}},"6":{"start":{"line":10,"column":16},"end":{"line":10,"column":45}},"7":{"start":{"line":12,"column":8},"end":{"line":12,"column":21}},"8":{"start":{"line":15,"column":0},"end":{"line":15,"column":34}}},"fnMap":{"0":{"name":"(anonymous_0)","decl":{"start":{"line":4,"column":4},"end":{"line":4,"column":5}},"loc":{"start":{"line":4,"column":28},"end":{"line":13,"column":5}},"line":4}},"branchMap":{"0":{"loc":{"start":{"line":7,"column":12},"end":{"line":8,"column":45}},"type":"if","locations":[{"start":{"line":7,"column":12},"end":{"line":8,"column":45}},{"start":{},"end":{}}],"line":7},"1":{"loc":{"start":{"line":9,"column":12},"end":{"line":10,"column":45}},"type":"if","locations":[{"start":{"line":9,"column":12},"end":{"line":10,"column":45}},{"start":{},"end":{}}],"line":9}},"s":{"0":1,"1":1,"2":1,"3":3,"4":2,"5":3,"6":1,"7":1,"8":1},"f":{"0":1},"b":{"0":[2,1],"1":[1,2]},"_coverageSchema":"1a1c01bbd47fc00a2c39e90264f33305004495a9","hash":"da1271af02c773bfbe5faa9dd6ac0508c7877deb"}
}
