TN:
SF:dist/src/domain/entity/Coupon.js
FN:4,(anonymous_0)
FN:9,(anonymous_1)
FN:14,(anonymous_2)
FNF:3
FNH:3
FNDA:5,(anonymous_0)
FNDA:4,(anonymous_1)
FNDA:2,(anonymous_2)
DA:2,2
DA:5,5
DA:6,5
DA:7,5
DA:10,4
DA:11,2
DA:12,2
DA:15,2
DA:18,2
LF:9
LH:9
BRDA:9,0,0,1
BRDA:10,1,0,2
BRDA:10,1,1,2
BRF:3
BRH:3
end_of_record
TN:
SF:dist/src/domain/entity/Cpf.js
FN:4,(anonymous_0)
FN:11,(anonymous_1)
FN:14,(anonymous_2)
FN:28,(anonymous_3)
FN:31,(anonymous_4)
FN:34,(anonymous_5)
FN:36,(anonymous_6)
FN:38,(anonymous_7)
FN:47,(anonymous_8)
FNF:9
FNH:9
FNDA:12,(anonymous_0)
FNDA:1,(anonymous_1)
FNDA:12,(anonymous_2)
FNDA:12,(anonymous_3)
FNDA:12,(anonymous_4)
FNDA:12,(anonymous_5)
FNDA:42,(anonymous_6)
FNDA:20,(anonymous_7)
FNDA:10,(anonymous_8)
DA:2,2
DA:5,12
DA:6,12
DA:7,12
DA:8,3
DA:9,9
DA:12,1
DA:15,12
DA:16,0
DA:17,12
DA:18,12
DA:19,0
DA:20,12
DA:21,2
DA:22,10
DA:23,10
DA:24,10
DA:25,10
DA:26,10
DA:29,12
DA:32,12
DA:35,12
DA:36,42
DA:39,20
DA:40,20
DA:41,220
DA:42,190
DA:44,20
DA:45,20
DA:48,10
DA:51,2
LF:31
LH:29
BRDA:7,0,0,3
BRDA:7,0,1,9
BRDA:15,1,0,0
BRDA:15,1,1,12
BRDA:18,2,0,0
BRDA:18,2,1,12
BRDA:20,3,0,2
BRDA:20,3,1,10
BRDA:41,4,0,190
BRDA:41,4,1,30
BRDA:45,5,0,10
BRDA:45,5,1,10
BRF:12
BRH:10
end_of_record
TN:
SF:dist/src/domain/entity/Dimension.js
FN:4,(anonymous_0)
FN:11,(anonymous_1)
FNF:2
FNH:2
FNDA:12,(anonymous_0)
FNDA:17,(anonymous_1)
DA:2,5
DA:5,12
DA:6,12
DA:7,12
DA:8,12
DA:9,1
DA:12,17
DA:15,5
LF:8
LH:8
BRDA:8,0,0,1
BRDA:8,0,1,11
BRDA:8,1,0,12
BRDA:8,1,1,11
BRDA:8,1,2,11
BRF:5
BRH:5
end_of_record
TN:
SF:dist/src/domain/entity/Freight.js
FN:4,(anonymous_0)
FN:8,(anonymous_1)
FN:11,(anonymous_2)
FNF:3
FNH:3
FNDA:10,(anonymous_0)
FNDA:19,(anonymous_1)
FNDA:7,(anonymous_2)
DA:2,2
DA:5,10
DA:6,10
DA:9,19
DA:12,7
DA:13,2
DA:14,5
DA:17,2
LF:8
LH:8
BRDA:12,0,0,2
BRDA:12,0,1,5
BRDA:12,1,0,7
BRDA:12,1,1,4
BRF:4
BRH:4
end_of_record
TN:
SF:dist/src/domain/entity/Item.js
FN:4,(anonymous_0)
FN:14,(anonymous_1)
FN:19,(anonymous_2)
FNF:3
FNH:3
FNDA:25,(anonymous_0)
FNDA:21,(anonymous_1)
FNDA:21,(anonymous_2)
DA:2,4
DA:5,25
DA:6,25
DA:7,25
DA:8,25
DA:9,25
DA:10,25
DA:11,25
DA:12,1
DA:15,21
DA:16,8
DA:17,13
DA:20,21
DA:21,8
DA:24,13
DA:28,4
LF:16
LH:16
BRDA:11,0,0,1
BRDA:11,0,1,24
BRDA:11,1,0,25
BRDA:11,1,1,9
BRDA:15,2,0,8
BRDA:15,2,1,13
BRDA:20,3,0,8
BRDA:20,3,1,13
BRDA:20,4,0,21
BRDA:20,4,1,8
BRF:10
BRH:10
end_of_record
TN:
SF:dist/src/domain/entity/Order.js
FN:2,(anonymous_0)
FN:11,(anonymous_1)
FN:19,(anonymous_2)
FN:22,(anonymous_3)
FN:27,(anonymous_4)
FN:32,(anonymous_5)
FNF:6
FNH:6
FNDA:4,(anonymous_0)
FNDA:9,(anonymous_1)
FNDA:19,(anonymous_2)
FNDA:16,(anonymous_3)
FNDA:2,(anonymous_4)
FNDA:5,(anonymous_5)
DA:2,1
DA:3,4
DA:5,1
DA:6,1
DA:7,1
DA:8,1
DA:9,1
DA:12,9
DA:13,9
DA:14,9
DA:15,8
DA:16,8
DA:17,8
DA:20,19
DA:21,1
DA:22,18
DA:23,1
DA:24,17
DA:25,17
DA:28,2
DA:29,1
DA:33,5
DA:34,5
DA:35,13
DA:37,5
DA:38,1
DA:40,5
DA:41,5
DA:42,5
DA:45,1
LF:30
LH:30
BRDA:2,0,0,1
BRDA:2,0,1,1
BRDA:2,0,2,1
BRDA:3,1,0,4
BRDA:3,1,1,0
BRDA:3,2,0,4
BRDA:3,2,1,4
BRDA:11,3,0,7
BRDA:11,4,0,8
BRDA:20,5,0,1
BRDA:20,5,1,18
BRDA:22,6,0,1
BRDA:22,6,1,17
BRDA:28,7,0,1
BRDA:28,7,1,1
BRDA:37,8,0,1
BRDA:37,8,1,4
BRF:17
BRH:16
end_of_record
TN:
SF:dist/src/domain/entity/OrderCode.js
FN:4,(anonymous_0)
FN:7,(anonymous_1)
FNF:2
FNH:2
FNDA:9,(anonymous_0)
FNDA:9,(anonymous_1)
DA:2,2
DA:5,9
DA:8,9
DA:9,9
DA:12,2
LF:5
LH:5
BRF:0
BRH:0
end_of_record
TN:
SF:dist/src/domain/entity/OrderItem.js
FN:4,(anonymous_0)
FN:9,(anonymous_1)
FNF:2
FNH:2
FNDA:17,(anonymous_0)
FNDA:13,(anonymous_1)
DA:2,1
DA:5,17
DA:6,17
DA:7,17
DA:10,13
DA:13,1
LF:6
LH:6
BRF:0
BRH:0
end_of_record
TN:
SF:dist/src/domain/entity/StockEntry.js
FN:4,(anonymous_0)
FNF:1
FNH:1
FNDA:4,(anonymous_0)
DA:2,2
DA:5,4
DA:6,4
DA:7,4
DA:10,2
LF:5
LH:5
BRF:0
BRH:0
end_of_record
TN:
SF:dist/src/domain/service/FreightCalculator.js
FN:4,(anonymous_0)
FNF:1
FNH:1
FNDA:1,(anonymous_0)
DA:2,1
DA:5,1
DA:8,1
LF:3
LH:3
BRF:0
BRH:0
end_of_record
TN:
SF:dist/src/domain/service/StockCalculator.js
FN:4,(anonymous_0)
FNF:1
FNH:1
FNDA:1,(anonymous_0)
DA:2,1
DA:5,1
DA:6,1
DA:7,3
DA:8,2
DA:9,3
DA:10,1
DA:12,1
DA:15,1
LF:9
LH:9
BRDA:7,0,0,2
BRDA:7,0,1,1
BRDA:9,1,0,1
BRDA:9,1,1,2
BRF:4
BRH:4
end_of_record
